2020-01-14 20:46:30,723 https://auth.iqoption.com/api/v1.0/login
2020-01-14 20:46:30,724 Starting new HTTPS connection (1): auth.iqoption.com:443
2020-01-14 20:46:32,009 https://auth.iqoption.com:443 "POST /api/v1.0/login HTTP/1.1" 200 52
2020-01-14 20:46:32,010 <Response [200]>
2020-01-14 20:46:32,010 {"data":{"ssid":"6a04e78ccac195225f3f0dda44687eb7"}}
2020-01-14 20:46:32,010 {'Content-Length': '52', 'X-Content-Type-Options': 'nosniff', 'Set-Cookie': 'ssid=6a04e78ccac195225f3f0dda44687eb7; Path=/; Domain=iqoption.com; Max-Age=2592000; Secure', 'Strict-Transport-Security': 'max-age=15555600', 'Vary': 'Origin', 'X-Tracing-Key': 'af29fe0f-f224-43a7-811f-c102df0ded0d', 'Server': 'nginx', 'Connection': 'keep-alive', 'Date': 'Tue, 14 Jan 2020 23:46:31 GMT', 'Content-Type': 'application/json; charset=utf-8'}
2020-01-14 20:46:32,010 <RequestsCookieJar[<Cookie ssid=6a04e78ccac195225f3f0dda44687eb7 for .iqoption.com/>]>
2020-01-14 20:46:32,999 Websocket client connected.
2020-01-14 20:46:32,999 {"msg": "6a04e78ccac195225f3f0dda44687eb7", "name": "ssid", "request_id": ""}
2020-01-14 20:46:33,059 {"name":"timeSync","msg":1579045592851}
2020-01-14 20:46:33,059 {"name":"heartbeat","msg":1579045592851}
2020-01-14 20:46:33,060 {"msg": {"msg": {"userTime": 1579045592000, "heartbeatTime": 1579045592851}}, "name": "heartbeat", "request_id": ""}
2020-01-14 20:46:33,060 {"msg": {"sendResults": true}, "name": "setOptions", "request_id": "1"}
2020-01-14 20:46:33,060 {"msg": {"version": "1.0", "params": {"routingFilters": {"instrument_type": "multi-option"}}, "name": "position-changed"}, "name": "subscribeMessage", "request_id": "2"}
2020-01-14 20:46:33,060 {"msg": {"version": "1.0", "params": {"routingFilters": {"instrument_type": "fx-option"}}, "name": "trading-fx-option.position-changed"}, "name": "subscribeMessage", "request_id": "3"}
2020-01-14 20:46:33,060 {"msg": {"version": "1.0", "params": {"routingFilters": {"instrument_type": "crypto"}}, "name": "position-changed"}, "name": "subscribeMessage", "request_id": "4"}
2020-01-14 20:46:33,060 {"msg": {"version": "1.0", "params": {"routingFilters": {"instrument_type": "forex"}}, "name": "position-changed"}, "name": "subscribeMessage", "request_id": "5"}
2020-01-14 20:46:33,061 {"msg": {"version": "1.0", "params": {"routingFilters": {"instrument_type": "digital-option"}}, "name": "digital-options.position-changed"}, "name": "subscribeMessage", "request_id": "6"}
2020-01-14 20:46:33,061 {"msg": {"version": "1.0", "params": {"routingFilters": {"instrument_type": "cfd"}}, "name": "position-changed"}, "name": "subscribeMessage", "request_id": "7"}
2020-01-14 20:46:33,061 https://iqoption.com/api/getprofile
2020-01-14 20:46:33,061 Starting new HTTPS connection (1): iqoption.com:443
2020-01-14 20:46:33,258 {"name":"profile","msg":{"avatar":"","confirmation_required":0,"popup":[],"money":{"deposit":{"min":2,"max":1000000},"withdraw":{"min":2,"max":1000000}},"user_group":"LATAM_Default","welcome_splash":0,"functions":{"popup_ids":["1"],"ext_fields":[],"is_vip_mode":0,"is_bonus_block":0,"is_no_currency_change":0,"is_trading_bonus_block":0},"finance_state":"","balance":10043.1103515625,"bonus_wager":0,"bonus_total_wager":0,"balance_id":226495141,"balance_type":4,"messages":0,"id":47431120,"demo":0,"public":1,"group_id":193,"name":"Lucas Bernardes","nickname":null,"currency":"USD","currency_char":"$","mask":"$%s","city":"Mogi Guaçu","user_id":47431120,"first_name":"Lucas","last_name":"Bernardes","phone":"55 *****006503","email":"lucas-bernardes07@hotmail.com","created":1561151220,"last_visit":false,"site_id":1,"tz":"America/Sao_Paulo","locale":"pt_PT","birthdate":692942400,"country_id":30,"currency_id":6,"gender":"male","address":"Av Mogi Mirim","postal_index":"13844110","timediff":-21600,"tz_offset":-180,"balances":[{"id":226495140,"user_id":47431120,"type":1,"amount":0,"enrolled_amount":0,"enrolled_sum_amount":0,"hold_amount":0,"orders_amount":0,"auth_amount":0,"equivalent":0,"currency":"BRL","tournament_id":null,"tournament_name":null,"is_fiat":true,"is_marginal":false,"has_deposits":false},{"id":226495141,"user_id":47431120,"type":4,"amount":10043.11,"enrolled_amount":10043.11927,"enrolled_sum_amount":10043.11927,"hold_amount":0,"orders_amount":0,"auth_amount":0,"equivalent":0,"currency":"USD","tournament_id":null,"tournament_name":null,"is_fiat":true,"is_marginal":false,"has_deposits":false},{"id":226495142,"user_id":47431120,"type":5,"amount":0,"enrolled_amount":0,"enrolled_sum_amount":0,"hold_amount":0,"orders_amount":0,"auth_amount":0,"equivalent":0,"currency":"BTC","tournament_id":null,"tournament_name":null,"is_fiat":false,"is_marginal":false,"has_deposits":false},{"id":226495143,"user_id":47431120,"type":5,"amount":0,"enrolled_amount":0,"enrolled_sum_amount":0,"hold_amount":0,"orders_amount":0,"auth_amount":0,"equivalent":0,"currency":"ETH","tournament_id":null,"tournament_name":null,"is_fiat":false,"is_marginal":false,"has_deposits":false}],"infeed":1,"confirmed_phones":["55 *****006503"],"need_phone_confirmation":false,"rate_in_one_click":false,"deposit_in_one_click":false,"kyc_confirmed":false,"kyc":{"status":3,"isPhoneFilled":true,"isPhoneNeeded":false,"isProfileFilled":true,"isProfileNeeded":false,"isRegulatedUser":false,"daysLeftToVerify":-1,"isPhoneConfirmed":true,"isDocumentsNeeded":false,"isDocumentsApproved":false,"isDocumentsDeclined":false,"isDocumentsUploaded":false,"isDocumentPoaUploaded":false,"isDocumentPoiUploaded":false,"isDocumentsUploadSkipped":false,"isPhoneConfirmationSkipped":false},"trade_restricted":false,"auth_two_factor":null,"deposit_count":0,"is_activated":true,"new_email":"","tc":true,"trial":false,"is_islamic":false,"tin":"","personal_data_policy":{"is_call_accepted":{"status":true},"is_push_accepted":{"status":true},"is_email_accepted":{"status":true},"is_agreement_accepted":{"status":false},"is_thirdparty_accepted":{"status":false}},"client_category_id":1,"tournaments_ids":null,"socials":[],"flag":"BR","cashback_level_info":{"enabled":false},"user_circle":"No exp","skey":"3402591a662a0de1e96d97c801cc5820","forget_status":{"status":"none","created":null,"expires":null},"account_status":"NONE","nationality":"Brasil","ssid":"5d3ded623e43a4136c6080a23e792609"},"request_id":""}
2020-01-14 20:46:33,259 {"name":"front","msg":"ws12b"}
2020-01-14 20:46:33,300 {"name":"result","request_id":"1","msg":{"success":true}}
2020-01-14 20:46:33,300 {"name":"result","request_id":"2","msg":{"success":true}}
2020-01-14 20:46:33,301 {"name":"result","request_id":"3","msg":{"success":true}}
2020-01-14 20:46:33,301 {"name":"result","request_id":"4","msg":{"success":true}}
2020-01-14 20:46:33,337 {"name":"result","request_id":"5","msg":{"success":true}}
2020-01-14 20:46:33,338 {"name":"result","request_id":"6","msg":{"success":true}}
2020-01-14 20:46:33,338 {"name":"result","request_id":"7","msg":{"success":true}}
2020-01-14 20:46:34,120 {"name":"timeSync","msg":1579045593865}
2020-01-14 20:46:34,120 https://iqoption.com:443 "GET /api/getprofile HTTP/1.1" 200 None
2020-01-14 20:46:34,121 <Response [200]>
2020-01-14 20:46:34,121 {"isSuccessful":true,"message":"","result":{"avatar":"","confirmation_required":0,"popup":[],"money":{"deposit":{"min":2,"max":1000000},"withdraw":{"min":2,"max":1000000}},"user_group":"LATAM_Default","welcome_splash":0,"functions":{"popup_ids":["1"],"ext_fields":[],"is_vip_mode":0,"is_bonus_block":0,"is_no_currency_change":0,"is_trading_bonus_block":0},"finance_state":"","balance":10043.12,"bonus_wager":0,"bonus_total_wager":0,"balance_id":226495141,"balance_type":4,"messages":0,"id":47431120,"demo":0,"public":1,"group_id":193,"name":"Lucas Bernardes","nickname":null,"currency":"USD","currency_char":"$","mask":"$%s","city":"Mogi Guaçu","user_id":47431120,"first_name":"Lucas","last_name":"Bernardes","phone":"55 *****006503","email":"lucas-bernardes07@hotmail.com","created":1561151220,"last_visit":false,"site_id":1,"tz":"America\/Sao_Paulo","locale":"pt_PT","birthdate":692942400,"country_id":30,"currency_id":6,"gender":"male","address":"Av Mogi Mirim","postal_index":"13844110","timediff":-21600,"tz_offset":-180,"balances":[{"id":226495140,"type":1,"amount":0,"currency":"BRL","new_amount":0,"description":null,"bonus_amount":0,"bonus_total_amount":0},{"id":226495141,"type":4,"amount":10043119270,"currency":"USD","new_amount":0,"description":null,"bonus_amount":0,"bonus_total_amount":0},{"id":226495144,"type":5,"amount":0,"currency":"OTN","new_amount":0,"description":null,"bonus_amount":0,"bonus_total_amount":0},{"id":226495142,"type":5,"amount":0,"currency":"BTC","new_amount":0,"description":null,"bonus_amount":0,"bonus_total_amount":0},{"id":226495143,"type":5,"amount":0,"currency":"ETH","new_amount":0,"description":null,"bonus_amount":0,"bonus_total_amount":0}],"infeed":1,"confirmed_phones":["55 *****006503"],"need_phone_confirmation":false,"rate_in_one_click":false,"deposit_in_one_click":false,"kyc_confirmed":false,"kyc":{"status":3,"isPhoneFilled":true,"isPhoneNeeded":false,"isProfileFilled":true,"isProfileNeeded":false,"isRegulatedUser":false,"daysLeftToVerify":-1,"isPhoneConfirmed":true,"isDocumentsNeeded":false,"isDocumentsApproved":false,"isDocumentsDeclined":false,"isDocumentsUploaded":false,"isDocumentPoaUploaded":false,"isDocumentPoiUploaded":false,"isDocumentsUploadSkipped":false,"isPhoneConfirmationSkipped":false},"trade_restricted":false,"auth_two_factor":null,"deposit_count":0,"is_activated":true,"new_email":"","tc":true,"trial":false,"is_islamic":false,"tin":"","personal_data_policy":{"is_call_accepted":{"status":true},"is_push_accepted":{"status":true},"is_email_accepted":{"status":true},"is_agreement_accepted":{"status":false},"is_thirdparty_accepted":{"status":false}},"client_category_id":1,"tournaments_ids":null,"socials":{},"flag":"BR","cashback_level_info":{"enabled":false},"user_circle":"No exp","skey":"3402591a662a0de1e96d97c801cc5820","forget_status":{"status":"none","created":null,"expires":null},"account_status":"NONE","nationality":"Brasil","ssid":false}}
2020-01-14 20:46:34,121 {'X-Tracing-Key': '330334a7-6408-4f88-9736-abd89cb8b1c5', 'X-Content-Type-Options': 'nosniff', 'Content-Encoding': 'gzip', 'Transfer-Encoding': 'chunked', 'Set-Cookie': '__uat=c9c64e071d2853bc7906c017a231ad1cc46ab630; path=/', 'Strict-Transport-Security': 'max-age=15555600', 'Vary': 'Accept-Encoding, Origin', 'Server': 'nginx', 'Connection': 'keep-alive', 'X-Front-Host': 'fe-api-10, fe-api-10: always', 'Date': 'Tue, 14 Jan 2020 23:46:33 GMT', 'Content-Type': 'application/json; charset=UTF-8'}
2020-01-14 20:46:34,121 <RequestsCookieJar[<Cookie __uat=c9c64e071d2853bc7906c017a231ad1cc46ab630 for iqoption.com/>]>
2020-01-14 20:49:25,218 https://auth.iqoption.com/api/v1.0/login
2020-01-14 20:49:25,219 Starting new HTTPS connection (1): auth.iqoption.com:443
2020-01-14 20:49:26,426 https://auth.iqoption.com:443 "POST /api/v1.0/login HTTP/1.1" 200 52
2020-01-14 20:49:26,427 <Response [200]>
2020-01-14 20:49:26,427 {"data":{"ssid":"714f872153723a90d990874f7cb0ad5b"}}
2020-01-14 20:49:26,428 {'Content-Length': '52', 'X-Content-Type-Options': 'nosniff', 'Set-Cookie': 'ssid=714f872153723a90d990874f7cb0ad5b; Path=/; Domain=iqoption.com; Max-Age=2592000; Secure', 'Strict-Transport-Security': 'max-age=15555600', 'Vary': 'Origin', 'X-Tracing-Key': '1592c324-6d6f-470d-9839-0c0f005d877e', 'Server': 'nginx', 'Connection': 'keep-alive', 'Date': 'Tue, 14 Jan 2020 23:49:26 GMT', 'Content-Type': 'application/json; charset=utf-8'}
2020-01-14 20:49:26,428 <RequestsCookieJar[<Cookie ssid=714f872153723a90d990874f7cb0ad5b for .iqoption.com/>]>
2020-01-14 20:49:28,480 Websocket client connected.
2020-01-14 20:49:28,484 {"msg": "714f872153723a90d990874f7cb0ad5b", "name": "ssid", "request_id": ""}
2020-01-14 20:49:29,909 {"name":"profile","msg":{"avatar":"","confirmation_required":0,"popup":[],"money":{"deposit":{"min":2,"max":1000000},"withdraw":{"min":2,"max":1000000}},"user_group":"LATAM_Default","welcome_splash":0,"functions":{"popup_ids":["1"],"ext_fields":[],"is_vip_mode":0,"is_bonus_block":0,"is_no_currency_change":0,"is_trading_bonus_block":0},"finance_state":"","balance":10043.1103515625,"bonus_wager":0,"bonus_total_wager":0,"balance_id":226495141,"balance_type":4,"messages":0,"id":47431120,"demo":0,"public":1,"group_id":193,"name":"Lucas Bernardes","nickname":null,"currency":"USD","currency_char":"$","mask":"$%s","city":"Mogi Guaçu","user_id":47431120,"first_name":"Lucas","last_name":"Bernardes","phone":"55 *****006503","email":"lucas-bernardes07@hotmail.com","created":1561151220,"last_visit":false,"site_id":1,"tz":"America/Sao_Paulo","locale":"pt_PT","birthdate":692942400,"country_id":30,"currency_id":6,"gender":"male","address":"Av Mogi Mirim","postal_index":"13844110","timediff":-21600,"tz_offset":-180,"balances":[{"id":226495140,"user_id":47431120,"type":1,"amount":0,"enrolled_amount":0,"enrolled_sum_amount":0,"hold_amount":0,"orders_amount":0,"auth_amount":0,"equivalent":0,"currency":"BRL","tournament_id":null,"tournament_name":null,"is_fiat":true,"is_marginal":false,"has_deposits":false},{"id":226495141,"user_id":47431120,"type":4,"amount":10043.11,"enrolled_amount":10043.11927,"enrolled_sum_amount":10043.11927,"hold_amount":0,"orders_amount":0,"auth_amount":0,"equivalent":0,"currency":"USD","tournament_id":null,"tournament_name":null,"is_fiat":true,"is_marginal":false,"has_deposits":false},{"id":226495142,"user_id":47431120,"type":5,"amount":0,"enrolled_amount":0,"enrolled_sum_amount":0,"hold_amount":0,"orders_amount":0,"auth_amount":0,"equivalent":0,"currency":"BTC","tournament_id":null,"tournament_name":null,"is_fiat":false,"is_marginal":false,"has_deposits":false},{"id":226495143,"user_id":47431120,"type":5,"amount":0,"enrolled_amount":0,"enrolled_sum_amount":0,"hold_amount":0,"orders_amount":0,"auth_amount":0,"equivalent":0,"currency":"ETH","tournament_id":null,"tournament_name":null,"is_fiat":false,"is_marginal":false,"has_deposits":false}],"infeed":1,"confirmed_phones":["55 *****006503"],"need_phone_confirmation":false,"rate_in_one_click":false,"deposit_in_one_click":false,"kyc_confirmed":false,"kyc":{"status":3,"isPhoneFilled":true,"isPhoneNeeded":false,"isProfileFilled":true,"isProfileNeeded":false,"isRegulatedUser":false,"daysLeftToVerify":-1,"isPhoneConfirmed":true,"isDocumentsNeeded":false,"isDocumentsApproved":false,"isDocumentsDeclined":false,"isDocumentsUploaded":false,"isDocumentPoaUploaded":false,"isDocumentPoiUploaded":false,"isDocumentsUploadSkipped":false,"isPhoneConfirmationSkipped":false},"trade_restricted":false,"auth_two_factor":null,"deposit_count":0,"is_activated":true,"new_email":"","tc":true,"trial":false,"is_islamic":false,"tin":"","personal_data_policy":{"is_call_accepted":{"status":true},"is_push_accepted":{"status":true},"is_email_accepted":{"status":true},"is_agreement_accepted":{"status":false},"is_thirdparty_accepted":{"status":false}},"client_category_id":1,"tournaments_ids":null,"socials":[],"flag":"BR","cashback_level_info":{"enabled":false},"user_circle":"No exp","skey":"3402591a662a0de1e96d97c801cc5820","forget_status":{"status":"none","created":null,"expires":null},"account_status":"NONE","nationality":"Brasil","ssid":"017474b593eb9a19f696582ad4d96b7e"},"request_id":""}
2020-01-14 20:49:30,072 {"name":"front","msg":"ws17b"}
2020-01-14 20:49:30,220 {"name":"timeSync","msg":1579045769043}
2020-01-14 20:49:30,220 {"msg": {"sendResults": true}, "name": "setOptions", "request_id": "1"}
2020-01-14 20:49:30,220 {"name":"heartbeat","msg":1579045769043}
2020-01-14 20:49:30,220 {"msg": {"version": "1.0", "params": {"routingFilters": {"instrument_type": "multi-option"}}, "name": "position-changed"}, "name": "subscribeMessage", "request_id": "2"}
2020-01-14 20:49:30,220 {"msg": {"msg": {"userTime": 1579045769000, "heartbeatTime": 1579045769043}}, "name": "heartbeat", "request_id": ""}
2020-01-14 20:49:30,221 {"msg": {"version": "1.0", "params": {"routingFilters": {"instrument_type": "fx-option"}}, "name": "trading-fx-option.position-changed"}, "name": "subscribeMessage", "request_id": "3"}
2020-01-14 20:49:30,221 {"msg": {"version": "1.0", "params": {"routingFilters": {"instrument_type": "crypto"}}, "name": "position-changed"}, "name": "subscribeMessage", "request_id": "4"}
2020-01-14 20:49:30,221 {"msg": {"version": "1.0", "params": {"routingFilters": {"instrument_type": "forex"}}, "name": "position-changed"}, "name": "subscribeMessage", "request_id": "5"}
2020-01-14 20:49:30,221 {"msg": {"version": "1.0", "params": {"routingFilters": {"instrument_type": "digital-option"}}, "name": "digital-options.position-changed"}, "name": "subscribeMessage", "request_id": "6"}
2020-01-14 20:49:30,221 {"msg": {"version": "1.0", "params": {"routingFilters": {"instrument_type": "cfd"}}, "name": "position-changed"}, "name": "subscribeMessage", "request_id": "7"}
2020-01-14 20:49:30,221 https://iqoption.com/api/getprofile
2020-01-14 20:49:30,222 Starting new HTTPS connection (1): iqoption.com:443
2020-01-14 20:49:30,251 {"name":"timeSync","msg":1579045770058}
2020-01-14 20:49:30,716 {"name":"result","request_id":"1","msg":{"success":true}}
2020-01-14 20:49:30,716 {"name":"result","request_id":"2","msg":{"success":true}}
2020-01-14 20:49:30,760 {"name":"result","request_id":"3","msg":{"success":true}}
2020-01-14 20:49:30,760 {"name":"result","request_id":"4","msg":{"success":true}}
2020-01-14 20:49:30,761 {"name":"result","request_id":"5","msg":{"success":true}}
2020-01-14 20:49:30,761 {"name":"result","request_id":"6","msg":{"success":true}}
2020-01-14 20:49:30,761 {"name":"result","request_id":"7","msg":{"success":true}}
2020-01-14 20:49:31,269 https://iqoption.com:443 "GET /api/getprofile HTTP/1.1" 200 None
2020-01-14 20:49:31,270 <Response [200]>
2020-01-14 20:49:31,270 {"isSuccessful":true,"message":"","result":{"avatar":"","confirmation_required":0,"popup":[],"money":{"deposit":{"min":2,"max":1000000},"withdraw":{"min":2,"max":1000000}},"user_group":"LATAM_Default","welcome_splash":0,"functions":{"popup_ids":["1"],"ext_fields":[],"is_vip_mode":0,"is_bonus_block":0,"is_no_currency_change":0,"is_trading_bonus_block":0},"finance_state":"","balance":10043.12,"bonus_wager":0,"bonus_total_wager":0,"balance_id":226495141,"balance_type":4,"messages":0,"id":47431120,"demo":0,"public":1,"group_id":193,"name":"Lucas Bernardes","nickname":null,"currency":"USD","currency_char":"$","mask":"$%s","city":"Mogi Guaçu","user_id":47431120,"first_name":"Lucas","last_name":"Bernardes","phone":"55 *****006503","email":"lucas-bernardes07@hotmail.com","created":1561151220,"last_visit":false,"site_id":1,"tz":"America\/Sao_Paulo","locale":"pt_PT","birthdate":692942400,"country_id":30,"currency_id":6,"gender":"male","address":"Av Mogi Mirim","postal_index":"13844110","timediff":-21600,"tz_offset":-180,"balances":[{"id":226495140,"type":1,"amount":0,"currency":"BRL","new_amount":0,"description":null,"bonus_amount":0,"bonus_total_amount":0},{"id":226495141,"type":4,"amount":10043119270,"currency":"USD","new_amount":0,"description":null,"bonus_amount":0,"bonus_total_amount":0},{"id":226495144,"type":5,"amount":0,"currency":"OTN","new_amount":0,"description":null,"bonus_amount":0,"bonus_total_amount":0},{"id":226495142,"type":5,"amount":0,"currency":"BTC","new_amount":0,"description":null,"bonus_amount":0,"bonus_total_amount":0},{"id":226495143,"type":5,"amount":0,"currency":"ETH","new_amount":0,"description":null,"bonus_amount":0,"bonus_total_amount":0}],"infeed":1,"confirmed_phones":["55 *****006503"],"need_phone_confirmation":false,"rate_in_one_click":false,"deposit_in_one_click":false,"kyc_confirmed":false,"kyc":{"status":3,"isPhoneFilled":true,"isPhoneNeeded":false,"isProfileFilled":true,"isProfileNeeded":false,"isRegulatedUser":false,"daysLeftToVerify":-1,"isPhoneConfirmed":true,"isDocumentsNeeded":false,"isDocumentsApproved":false,"isDocumentsDeclined":false,"isDocumentsUploaded":false,"isDocumentPoaUploaded":false,"isDocumentPoiUploaded":false,"isDocumentsUploadSkipped":false,"isPhoneConfirmationSkipped":false},"trade_restricted":false,"auth_two_factor":null,"deposit_count":0,"is_activated":true,"new_email":"","tc":true,"trial":false,"is_islamic":false,"tin":"","personal_data_policy":{"is_call_accepted":{"status":true},"is_push_accepted":{"status":true},"is_email_accepted":{"status":true},"is_agreement_accepted":{"status":false},"is_thirdparty_accepted":{"status":false}},"client_category_id":1,"tournaments_ids":null,"socials":{},"flag":"BR","cashback_level_info":{"enabled":false},"user_circle":"No exp","skey":"3402591a662a0de1e96d97c801cc5820","forget_status":{"status":"none","created":null,"expires":null},"account_status":"NONE","nationality":"Brasil","ssid":false}}
2020-01-14 20:49:31,270 {'X-Tracing-Key': '829856cb-29fa-41d3-80f1-936811b44ce3', 'X-Content-Type-Options': 'nosniff', 'Content-Encoding': 'gzip', 'Transfer-Encoding': 'chunked', 'Set-Cookie': '__uat=c9c64e071d2853bc7906c017a231ad1cc46ab630; path=/', 'Strict-Transport-Security': 'max-age=15555600', 'Vary': 'Accept-Encoding, Origin', 'Server': 'nginx', 'Connection': 'keep-alive', 'X-Front-Host': 'fe-api-10, fe-api-10: always', 'Date': 'Tue, 14 Jan 2020 23:49:31 GMT', 'Content-Type': 'application/json; charset=UTF-8'}
2020-01-14 20:49:31,270 <RequestsCookieJar[<Cookie __uat=c9c64e071d2853bc7906c017a231ad1cc46ab630 for iqoption.com/>]>
2020-01-14 20:55:46,705 https://auth.iqoption.com/api/v1.0/login
2020-01-14 20:55:46,705 Starting new HTTPS connection (1): auth.iqoption.com:443
2020-01-14 20:55:47,890 https://auth.iqoption.com:443 "POST /api/v1.0/login HTTP/1.1" 200 52
2020-01-14 20:55:47,890 <Response [200]>
2020-01-14 20:55:47,891 {"data":{"ssid":"afa5c83c18dd215e2767a548b4f7c8b6"}}
2020-01-14 20:55:47,891 {'Content-Length': '52', 'X-Content-Type-Options': 'nosniff', 'Set-Cookie': 'ssid=afa5c83c18dd215e2767a548b4f7c8b6; Path=/; Domain=iqoption.com; Max-Age=2592000; Secure', 'Strict-Transport-Security': 'max-age=15555600', 'Vary': 'Origin', 'X-Tracing-Key': 'b59c7e41-0d94-4682-b7f5-9e7c5efd30d1', 'Server': 'nginx', 'Connection': 'keep-alive', 'Date': 'Tue, 14 Jan 2020 23:55:47 GMT', 'Content-Type': 'application/json; charset=utf-8'}
2020-01-14 20:55:47,891 <RequestsCookieJar[<Cookie ssid=afa5c83c18dd215e2767a548b4f7c8b6 for .iqoption.com/>]>
2020-01-14 20:55:48,858 Websocket client connected.
2020-01-14 20:55:48,858 {"msg": "afa5c83c18dd215e2767a548b4f7c8b6", "name": "ssid", "request_id": ""}
2020-01-14 20:55:50,180 {"name":"profile","msg":{"avatar":"","confirmation_required":0,"popup":[],"money":{"deposit":{"min":2,"max":1000000},"withdraw":{"min":2,"max":1000000}},"user_group":"LATAM_Default","welcome_splash":0,"functions":{"popup_ids":["1"],"ext_fields":[],"is_vip_mode":0,"is_bonus_block":0,"is_no_currency_change":0,"is_trading_bonus_block":0},"finance_state":"","balance":10043.1103515625,"bonus_wager":0,"bonus_total_wager":0,"balance_id":226495141,"balance_type":4,"messages":0,"id":47431120,"demo":0,"public":1,"group_id":193,"name":"Lucas Bernardes","nickname":null,"currency":"USD","currency_char":"$","mask":"$%s","city":"Mogi Guaçu","user_id":47431120,"first_name":"Lucas","last_name":"Bernardes","phone":"55 *****006503","email":"lucas-bernardes07@hotmail.com","created":1561151220,"last_visit":false,"site_id":1,"tz":"America/Sao_Paulo","locale":"pt_PT","birthdate":692942400,"country_id":30,"currency_id":6,"gender":"male","address":"Av Mogi Mirim","postal_index":"13844110","timediff":-21600,"tz_offset":-180,"balances":[{"id":226495140,"user_id":47431120,"type":1,"amount":0,"enrolled_amount":0,"enrolled_sum_amount":0,"hold_amount":0,"orders_amount":0,"auth_amount":0,"equivalent":0,"currency":"BRL","tournament_id":null,"tournament_name":null,"is_fiat":true,"is_marginal":false,"has_deposits":false},{"id":226495141,"user_id":47431120,"type":4,"amount":10043.11,"enrolled_amount":10043.11927,"enrolled_sum_amount":10043.11927,"hold_amount":0,"orders_amount":0,"auth_amount":0,"equivalent":0,"currency":"USD","tournament_id":null,"tournament_name":null,"is_fiat":true,"is_marginal":false,"has_deposits":false},{"id":226495142,"user_id":47431120,"type":5,"amount":0,"enrolled_amount":0,"enrolled_sum_amount":0,"hold_amount":0,"orders_amount":0,"auth_amount":0,"equivalent":0,"currency":"BTC","tournament_id":null,"tournament_name":null,"is_fiat":false,"is_marginal":false,"has_deposits":false},{"id":226495143,"user_id":47431120,"type":5,"amount":0,"enrolled_amount":0,"enrolled_sum_amount":0,"hold_amount":0,"orders_amount":0,"auth_amount":0,"equivalent":0,"currency":"ETH","tournament_id":null,"tournament_name":null,"is_fiat":false,"is_marginal":false,"has_deposits":false}],"infeed":1,"confirmed_phones":["55 *****006503"],"need_phone_confirmation":false,"rate_in_one_click":false,"deposit_in_one_click":false,"kyc_confirmed":false,"kyc":{"status":3,"isPhoneFilled":true,"isPhoneNeeded":false,"isProfileFilled":true,"isProfileNeeded":false,"isRegulatedUser":false,"daysLeftToVerify":-1,"isPhoneConfirmed":true,"isDocumentsNeeded":false,"isDocumentsApproved":false,"isDocumentsDeclined":false,"isDocumentsUploaded":false,"isDocumentPoaUploaded":false,"isDocumentPoiUploaded":false,"isDocumentsUploadSkipped":false,"isPhoneConfirmationSkipped":false},"trade_restricted":false,"auth_two_factor":null,"deposit_count":0,"is_activated":true,"new_email":"","tc":true,"trial":false,"is_islamic":false,"tin":"","personal_data_policy":{"is_call_accepted":{"status":true},"is_push_accepted":{"status":true},"is_email_accepted":{"status":true},"is_agreement_accepted":{"status":false},"is_thirdparty_accepted":{"status":false}},"client_category_id":1,"tournaments_ids":null,"socials":[],"flag":"BR","cashback_level_info":{"enabled":false},"user_circle":"No exp","skey":"3402591a662a0de1e96d97c801cc5820","forget_status":{"status":"none","created":null,"expires":null},"account_status":"NONE","nationality":"Brasil","ssid":"dcc22b3c5d7280f1f696a72954585a5e"},"request_id":""}
2020-01-14 20:55:50,607 {"name":"front","msg":"ws15b"}
2020-01-14 20:55:50,633 {"name":"timeSync","msg":1579046148978}
2020-01-14 20:55:50,638 {"msg": {"sendResults": true}, "name": "setOptions", "request_id": "1"}
2020-01-14 20:55:50,638 {"name":"heartbeat","msg":1579046148978}
2020-01-14 20:55:50,638 {"msg": {"msg": {"userTime": 1579046148000, "heartbeatTime": 1579046148978}}, "name": "heartbeat", "request_id": ""}
2020-01-14 20:55:50,638 {"msg": {"version": "1.0", "params": {"routingFilters": {"instrument_type": "multi-option"}}, "name": "position-changed"}, "name": "subscribeMessage", "request_id": "2"}
2020-01-14 20:55:50,638 {"msg": {"version": "1.0", "params": {"routingFilters": {"instrument_type": "fx-option"}}, "name": "trading-fx-option.position-changed"}, "name": "subscribeMessage", "request_id": "3"}
2020-01-14 20:55:50,638 {"name":"timeSync","msg":1579046149993}
2020-01-14 20:55:50,639 {"msg": {"version": "1.0", "params": {"routingFilters": {"instrument_type": "crypto"}}, "name": "position-changed"}, "name": "subscribeMessage", "request_id": "4"}
2020-01-14 20:55:50,639 {"msg": {"version": "1.0", "params": {"routingFilters": {"instrument_type": "forex"}}, "name": "position-changed"}, "name": "subscribeMessage", "request_id": "5"}
2020-01-14 20:55:50,639 {"msg": {"version": "1.0", "params": {"routingFilters": {"instrument_type": "digital-option"}}, "name": "digital-options.position-changed"}, "name": "subscribeMessage", "request_id": "6"}
2020-01-14 20:55:50,639 {"msg": {"version": "1.0", "params": {"routingFilters": {"instrument_type": "cfd"}}, "name": "position-changed"}, "name": "subscribeMessage", "request_id": "7"}
2020-01-14 20:55:50,639 https://iqoption.com/api/getprofile
2020-01-14 20:55:50,640 Starting new HTTPS connection (1): iqoption.com:443
2020-01-14 20:55:50,962 {"name":"result","request_id":"1","msg":{"success":true}}
2020-01-14 20:55:50,962 {"name":"result","request_id":"2","msg":{"success":true}}
2020-01-14 20:55:50,962 {"name":"result","request_id":"3","msg":{"success":true}}
2020-01-14 20:55:50,963 {"name":"result","request_id":"4","msg":{"success":true}}
2020-01-14 20:55:50,963 {"name":"result","request_id":"5","msg":{"success":true}}
2020-01-14 20:55:50,964 {"name":"result","request_id":"6","msg":{"success":true}}
2020-01-14 20:55:50,964 {"name":"result","request_id":"7","msg":{"success":true}}
2020-01-14 20:55:51,272 {"name":"timeSync","msg":1579046151005}
2020-01-14 20:55:52,199 {"name":"timeSync","msg":1579046152017}
2020-01-14 20:55:52,371 https://iqoption.com:443 "GET /api/getprofile HTTP/1.1" 200 None
2020-01-14 20:55:52,372 <Response [200]>
2020-01-14 20:55:52,372 {"isSuccessful":true,"message":"","result":{"avatar":"","confirmation_required":0,"popup":[],"money":{"deposit":{"min":2,"max":1000000},"withdraw":{"min":2,"max":1000000}},"user_group":"LATAM_Default","welcome_splash":0,"functions":{"popup_ids":["1"],"ext_fields":[],"is_vip_mode":0,"is_bonus_block":0,"is_no_currency_change":0,"is_trading_bonus_block":0},"finance_state":"","balance":10043.12,"bonus_wager":0,"bonus_total_wager":0,"balance_id":226495141,"balance_type":4,"messages":0,"id":47431120,"demo":0,"public":1,"group_id":193,"name":"Lucas Bernardes","nickname":null,"currency":"USD","currency_char":"$","mask":"$%s","city":"Mogi Guaçu","user_id":47431120,"first_name":"Lucas","last_name":"Bernardes","phone":"55 *****006503","email":"lucas-bernardes07@hotmail.com","created":1561151220,"last_visit":false,"site_id":1,"tz":"America\/Sao_Paulo","locale":"pt_PT","birthdate":692942400,"country_id":30,"currency_id":6,"gender":"male","address":"Av Mogi Mirim","postal_index":"13844110","timediff":-21600,"tz_offset":-180,"balances":[{"id":226495140,"type":1,"amount":0,"currency":"BRL","new_amount":0,"description":null,"bonus_amount":0,"bonus_total_amount":0},{"id":226495141,"type":4,"amount":10043119270,"currency":"USD","new_amount":0,"description":null,"bonus_amount":0,"bonus_total_amount":0},{"id":226495144,"type":5,"amount":0,"currency":"OTN","new_amount":0,"description":null,"bonus_amount":0,"bonus_total_amount":0},{"id":226495142,"type":5,"amount":0,"currency":"BTC","new_amount":0,"description":null,"bonus_amount":0,"bonus_total_amount":0},{"id":226495143,"type":5,"amount":0,"currency":"ETH","new_amount":0,"description":null,"bonus_amount":0,"bonus_total_amount":0}],"infeed":1,"confirmed_phones":["55 *****006503"],"need_phone_confirmation":false,"rate_in_one_click":false,"deposit_in_one_click":false,"kyc_confirmed":false,"kyc":{"status":3,"isPhoneFilled":true,"isPhoneNeeded":false,"isProfileFilled":true,"isProfileNeeded":false,"isRegulatedUser":false,"daysLeftToVerify":-1,"isPhoneConfirmed":true,"isDocumentsNeeded":false,"isDocumentsApproved":false,"isDocumentsDeclined":false,"isDocumentsUploaded":false,"isDocumentPoaUploaded":false,"isDocumentPoiUploaded":false,"isDocumentsUploadSkipped":false,"isPhoneConfirmationSkipped":false},"trade_restricted":false,"auth_two_factor":null,"deposit_count":0,"is_activated":true,"new_email":"","tc":true,"trial":false,"is_islamic":false,"tin":"","personal_data_policy":{"is_call_accepted":{"status":true},"is_push_accepted":{"status":true},"is_email_accepted":{"status":true},"is_agreement_accepted":{"status":false},"is_thirdparty_accepted":{"status":false}},"client_category_id":1,"tournaments_ids":null,"socials":{},"flag":"BR","cashback_level_info":{"enabled":false},"user_circle":"No exp","skey":"3402591a662a0de1e96d97c801cc5820","forget_status":{"status":"none","created":null,"expires":null},"account_status":"NONE","nationality":"Brasil","ssid":false}}
2020-01-14 20:55:52,372 {'X-Tracing-Key': '19557292-46b8-4ad2-834d-2585a5ba9388', 'X-Content-Type-Options': 'nosniff', 'Content-Encoding': 'gzip', 'Transfer-Encoding': 'chunked', 'Set-Cookie': '__uat=c9c64e071d2853bc7906c017a231ad1cc46ab630; path=/', 'Strict-Transport-Security': 'max-age=15555600', 'Vary': 'Accept-Encoding, Origin', 'Server': 'nginx', 'Connection': 'keep-alive', 'X-Front-Host': 'fe-api-02, fe-api-02: always', 'Date': 'Tue, 14 Jan 2020 23:55:52 GMT', 'Content-Type': 'application/json; charset=UTF-8'}
2020-01-14 20:55:52,372 <RequestsCookieJar[<Cookie __uat=c9c64e071d2853bc7906c017a231ad1cc46ab630 for iqoption.com/>]>
